<?xml version="1.0" encoding="UTF-8"?>
<!-- Generated by org.testng.reporters.JUnitXMLReporter -->
<testsuite ignored="1" hostname="SSonawane" failures="0" tests="2" name="Guru99 Application Test Cases" time="66.022" errors="0" timestamp="2021-06-19T15:15:25 IST">
  <testcase classname="com.guru99.tests.loginTest.LoginTest" name="loginPageTitleTest" time="0.043"/>
  <testcase classname="com.guru99.tests.loginTest.LoginTest" name="loginTest" time="1.97"/>
  <testcase classname="com.guru99.tests.loginTest.LoginTest" name="loginTest" time="0.0">
    <ignored/>
  </testcase> <!-- loginTest -->
</testsuite> <!-- Guru99 Application Test Cases -->
